bases_app/app/build/intermediates/manifest_merge_blame_file/debug/manifest-merger-blame-debug-report.txt
1<?xml version="1.0" encoding="utf-8"?>
2<manifest xmlns:android="http://schemas.android.com/apk/res/android"
3    package="com.example.bases_app"
4    android:versionCode="1"
5    android:versionName="1.0" >
6
7    <uses-sdk
8        android:minSdkVersion="21"
8-->src/main/AndroidManifest.xml
9        android:targetSdkVersion="32" />
9-->src/main/AndroidManifest.xml
10
11    <uses-permission android:name="android.permission.CALL_PHONE" />
11-->src/main/AndroidManifest.xml:5:5-69
11-->src/main/AndroidManifest.xml:5:22-66
12    <uses-permission android:name="android.permission.READ_EXTERNAL_STORAGE" />
12-->src/main/AndroidManifest.xml:6:5-80
12-->src/main/AndroidManifest.xml:6:22-77
13
14    <application
14-->src/main/AndroidManifest.xml:7:5-44:19
15        android:allowBackup="true"
15-->src/main/AndroidManifest.xml:8:9-35
16        android:appComponentFactory="androidx.core.app.CoreComponentFactory"
16-->[androidx.core:core:1.8.0] AndroidManifest.xml:24:18-86
17        android:dataExtractionRules="@xml/data_extraction_rules"
17-->src/main/AndroidManifest.xml:9:9-65
18        android:debuggable="true"
19        android:fullBackupContent="@xml/backup_rules"
19-->src/main/AndroidManifest.xml:10:9-54
20        android:icon="@mipmap/ic_launcher"
20-->src/main/AndroidManifest.xml:11:9-43
21        android:label="@string/app_name"
21-->src/main/AndroidManifest.xml:12:9-41
22        android:roundIcon="@mipmap/ic_launcher_round"
22-->src/main/AndroidManifest.xml:13:9-54
23        android:supportsRtl="true"
23-->src/main/AndroidManifest.xml:14:9-35
24        android:testOnly="true"
25        android:theme="@style/Theme.Design.NoActionBar" >
25-->src/main/AndroidManifest.xml:15:9-56
26        <activity
26-->src/main/AndroidManifest.xml:17:9-24:20
27            android:name="com.example.bases_app.MainActivity2"
27-->src/main/AndroidManifest.xml:18:13-42
28            android:exported="false" >
28-->src/main/AndroidManifest.xml:19:13-37
29            <meta-data
29-->src/main/AndroidManifest.xml:20:13-22:36
30                android:name="android.app.lib_name"
30-->src/main/AndroidManifest.xml:21:17-52
31                android:value="" />
31-->src/main/AndroidManifest.xml:22:17-33
32        </activity>
33        <activity
33-->src/main/AndroidManifest.xml:25:9-31:20
34            android:name="com.example.bases_app.modUsuarios"
34-->src/main/AndroidManifest.xml:26:13-40
35            android:exported="false" >
35-->src/main/AndroidManifest.xml:27:13-37
36            <meta-data
36-->src/main/AndroidManifest.xml:20:13-22:36
37                android:name="android.app.lib_name"
37-->src/main/AndroidManifest.xml:21:17-52
38                android:value="" />
38-->src/main/AndroidManifest.xml:22:17-33
39        </activity>
40        <activity
40-->src/main/AndroidManifest.xml:32:9-43:20
41            android:name="com.example.bases_app.MainActivity"
41-->src/main/AndroidManifest.xml:33:13-41
42            android:exported="true" >
42-->src/main/AndroidManifest.xml:34:13-36
43            <intent-filter>
43-->src/main/AndroidManifest.xml:35:13-39:29
44                <action android:name="android.intent.action.MAIN" />
44-->src/main/AndroidManifest.xml:36:17-69
44-->src/main/AndroidManifest.xml:36:25-66
45
46                <category android:name="android.intent.category.LAUNCHER" />
46-->src/main/AndroidManifest.xml:38:17-77
46-->src/main/AndroidManifest.xml:38:27-74
47            </intent-filter>
48
49            <meta-data
49-->src/main/AndroidManifest.xml:20:13-22:36
50                android:name="android.app.lib_name"
50-->src/main/AndroidManifest.xml:21:17-52
51                android:value="" />
51-->src/main/AndroidManifest.xml:22:17-33
52        </activity>
53
54        <service
54-->[androidx.room:room-runtime:2.4.3] AndroidManifest.xml:25:9-28:40
55            android:name="androidx.room.MultiInstanceInvalidationService"
55-->[androidx.room:room-runtime:2.4.3] AndroidManifest.xml:26:13-74
56            android:directBootAware="true"
56-->[androidx.room:room-runtime:2.4.3] AndroidManifest.xml:27:13-43
57            android:exported="false" />
57-->[androidx.room:room-runtime:2.4.3] AndroidManifest.xml:28:13-37
58
59        <provider
59-->[androidx.emoji2:emoji2:1.2.0] AndroidManifest.xml:24:9-32:20
60            android:name="androidx.startup.InitializationProvider"
60-->[androidx.emoji2:emoji2:1.2.0] AndroidManifest.xml:25:13-67
61            android:authorities="com.example.bases_app.androidx-startup"
61-->[androidx.emoji2:emoji2:1.2.0] AndroidManifest.xml:26:13-68
62            android:exported="false" >
62-->[androidx.emoji2:emoji2:1.2.0] AndroidManifest.xml:27:13-37
63            <meta-data
63-->[androidx.emoji2:emoji2:1.2.0] AndroidManifest.xml:29:13-31:52
64                android:name="androidx.emoji2.text.EmojiCompatInitializer"
64-->[androidx.emoji2:emoji2:1.2.0] AndroidManifest.xml:30:17-75
65                android:value="androidx.startup" />
65-->[androidx.emoji2:emoji2:1.2.0] AndroidManifest.xml:31:17-49
66            <meta-data
66-->[androidx.lifecycle:lifecycle-process:2.4.1] AndroidManifest.xml:31:13-33:52
67                android:name="androidx.lifecycle.ProcessLifecycleInitializer"
67-->[androidx.lifecycle:lifecycle-process:2.4.1] AndroidManifest.xml:32:17-78
68                android:value="androidx.startup" />
68-->[androidx.lifecycle:lifecycle-process:2.4.1] AndroidManifest.xml:33:17-49
69        </provider>
70    </application>
71
72</manifest>